This is pdfTeX, Version 3.14159265-2.6-1.40.21 (MiKTeX 2.9.7400 64-bit) (preloaded format=pdflatex 2020.4.30)  27 JUN 2020 19:23
entering extended mode
**c:/Users/BACHI/PycharmProjects/OPT_PROJET/BPP_Solver/Rapport/chapters/ag.tex
(c:/Users/BACHI/PycharmProjects/OPT_PROJET/BPP_Solver/Rapport/chapters/ag.tex
LaTeX2e <2020-02-02> patch level 5
L3 programming layer <2020-04-06> ("C:\Users\BACHI\AppData\Local\Programs\MiKTeX 2.9\tex/latex/base\article.cls"
Document Class: article 2019/12/20 v1.4l Standard LaTeX document class
("C:\Users\BACHI\AppData\Local\Programs\MiKTeX 2.9\tex/latex/base\size10.clo"
File: size10.clo 2019/12/20 v1.4l Standard LaTeX file (size option)
)
\c@part=\count167
\c@section=\count168
\c@subsection=\count169
\c@subsubsection=\count170
\c@paragraph=\count171
\c@subparagraph=\count172
\c@figure=\count173
\c@table=\count174
\abovecaptionskip=\skip47
\belowcaptionskip=\skip48
\bibindent=\dimen134
) ("C:\Users\BACHI\AppData\Local\Programs\MiKTeX 2.9\tex/latex/amsmath\amsmath.sty"
Package: amsmath 2020/01/20 v2.17e AMS math features
\@mathmargin=\skip49

For additional information on amsmath, use the `?' option.
("C:\Users\BACHI\AppData\Local\Programs\MiKTeX 2.9\tex/latex/amsmath\amstext.sty"
Package: amstext 2000/06/29 v2.01 AMS text
 ("C:\Users\BACHI\AppData\Local\Programs\MiKTeX 2.9\tex/latex/amsmath\amsgen.sty"
File: amsgen.sty 1999/11/30 v2.0 generic functions
\@emptytoks=\toks15
\ex@=\dimen135
)) ("C:\Users\BACHI\AppData\Local\Programs\MiKTeX 2.9\tex/latex/amsmath\amsbsy.sty"
Package: amsbsy 1999/11/29 v1.2d Bold Symbols
\pmbraise@=\dimen136
) ("C:\Users\BACHI\AppData\Local\Programs\MiKTeX 2.9\tex/latex/amsmath\amsopn.sty"
Package: amsopn 2016/03/08 v2.02 operator names
)
\inf@bad=\count175
LaTeX Info: Redefining \frac on input line 227.
\uproot@=\count176
\leftroot@=\count177
LaTeX Info: Redefining \overline on input line 389.
\classnum@=\count178
\DOTSCASE@=\count179
LaTeX Info: Redefining \ldots on input line 486.
LaTeX Info: Redefining \dots on input line 489.
LaTeX Info: Redefining \cdots on input line 610.
\Mathstrutbox@=\box45
\strutbox@=\box46
\big@size=\dimen137
LaTeX Font Info:    Redeclaring font encoding OML on input line 733.
LaTeX Font Info:    Redeclaring font encoding OMS on input line 734.
\macc@depth=\count180
\c@MaxMatrixCols=\count181
\dotsspace@=\muskip16
\c@parentequation=\count182
\dspbrk@lvl=\count183
\tag@help=\toks16
\row@=\count184
\column@=\count185
\maxfields@=\count186
\andhelp@=\toks17
\eqnshift@=\dimen138
\alignsep@=\dimen139
\tagshift@=\dimen140
\tagwidth@=\dimen141
\totwidth@=\dimen142
\lineht@=\dimen143
\@envbody=\toks18
\multlinegap=\skip50
\multlinetaggap=\skip51
\mathdisplay@stack=\toks19
LaTeX Info: Redefining \[ on input line 2859.
LaTeX Info: Redefining \] on input line 2860.
) ("C:\Users\BACHI\AppData\Local\Programs\MiKTeX 2.9\tex/latex/graphics\graphicx.sty"
Package: graphicx 2019/11/30 v1.2a Enhanced LaTeX Graphics (DPC,SPQR)
 ("C:\Users\BACHI\AppData\Local\Programs\MiKTeX 2.9\tex/latex/graphics\keyval.sty"
Package: keyval 2014/10/28 v1.15 key=value parser (DPC)
\KV@toks@=\toks20
) ("C:\Users\BACHI\AppData\Local\Programs\MiKTeX 2.9\tex/latex/graphics\graphics.sty"
Package: graphics 2019/11/30 v1.4a Standard LaTeX Graphics (DPC,SPQR)
 ("C:\Users\BACHI\AppData\Local\Programs\MiKTeX 2.9\tex/latex/graphics\trig.sty"
Package: trig 2016/01/03 v1.10 sin cos tan (DPC)
) ("C:\Users\BACHI\AppData\Local\Programs\MiKTeX 2.9\tex/latex/graphics-cfg\graphics.cfg"
File: graphics.cfg 2016/06/04 v1.11 sample graphics configuration
)
Package graphics Info: Driver file: pdftex.def on input line 105.
 ("C:\Users\BACHI\AppData\Local\Programs\MiKTeX 2.9\tex/latex/graphics-def\pdftex.def"
File: pdftex.def 2018/01/08 v1.0l Graphics/color driver for pdftex
))
\Gin@req@height=\dimen144
\Gin@req@width=\dimen145
) ("C:\Users\BACHI\AppData\Local\Programs\MiKTeX 2.9\tex/latex/float\float.sty"
Package: float 2001/11/08 v1.3d Float enhancements (AL)
\c@float@type=\count187
\float@exts=\toks21
\float@box=\box47
\@float@everytoks=\toks22
\@floatcapt=\box48
) ("C:\Users\BACHI\AppData\Local\Programs\MiKTeX 2.9\tex/latex/blindtext\blindtext.sty"
Package: blindtext 2012/01/06 V2.0 blindtext-Package
 ("C:\Users\BACHI\AppData\Local\Programs\MiKTeX 2.9\tex/latex/tools\xspace.sty"
Package: xspace 2014/10/28 v1.13 Space after command names (DPC,MH)
)
\c@blindtext=\count188
\c@Blindtext=\count189
\c@blind@countparstart=\count190
\blind@countxx=\count191
\blindtext@numBlindtext=\count192
\blind@countyy=\count193
\c@blindlist=\count194
\c@blindlistlevel=\count195
\c@blindlist@level=\count196
\blind@listitem=\count197
\c@blind@listcount=\count198
\c@blind@levelcount=\count199
\blind@mathformula=\count266
\blind@Mathformula=\count267
\c@blind@randomcount=\count268
\c@blind@randommax=\count269
\c@blind@pangramcount=\count270
\c@blind@pangrammax=\count271
) ("C:\Users\BACHI\AppData\Local\Programs\MiKTeX 2.9\tex/latex/base\fontenc.sty"
Package: fontenc 2020/02/11 v2.0o Standard LaTeX package
) ("C:\Users\BACHI\AppData\Local\Programs\MiKTeX 2.9\tex/latex/base\inputenc.sty"
Package: inputenc 2018/08/11 v1.3c Input encoding file
\inpenc@prehook=\toks23
\inpenc@posthook=\toks24
) ("C:\Users\BACHI\AppData\Local\Programs\MiKTeX 2.9\tex/latex/algorithms\algorithm.sty"
Package: algorithm 2009/08/24 v0.1 Document Style `algorithm' - floating environment
 ("C:\Users\BACHI\AppData\Local\Programs\MiKTeX 2.9\tex/latex/base\ifthen.sty"
Package: ifthen 2014/09/29 v1.1c Standard LaTeX ifthen package (DPC)
)
\@float@every@algorithm=\toks25
\c@algorithm=\count272
) ("C:\Users\BACHI\AppData\Local\Programs\MiKTeX 2.9\tex/latex/algorithms\algorithmic.sty"
Package: algorithmic 2009/08/24 v0.1 Document Style `algorithmic'
\c@ALC@unique=\count273
\c@ALC@line=\count274
\c@ALC@rem=\count275
\c@ALC@depth=\count276
\ALC@tlm=\skip52
\algorithmicindent=\skip53
) ("C:\Users\BACHI\AppData\Local\Programs\MiKTeX 2.9\tex/latex/l3backend\l3backend-pdfmode.def"
File: l3backend-pdfmode.def 2020-03-12 L3 backend support: PDF mode
\l__kernel_color_stack_int=\count277
\l__pdf_internal_box=\box49
) (c:/Users\BACHI\PycharmProjects\OPT_PROJET\BPP_Solver\Rapport\chapters\ag.aux)
\openout1 = `ag.aux'.

LaTeX Font Info:    Checking defaults for OML/cmm/m/it on input line 11.
LaTeX Font Info:    ... okay on input line 11.
LaTeX Font Info:    Checking defaults for OMS/cmsy/m/n on input line 11.
LaTeX Font Info:    ... okay on input line 11.
LaTeX Font Info:    Checking defaults for OT1/cmr/m/n on input line 11.
LaTeX Font Info:    ... okay on input line 11.
LaTeX Font Info:    Checking defaults for T1/cmr/m/n on input line 11.
LaTeX Font Info:    ... okay on input line 11.
LaTeX Font Info:    Checking defaults for TS1/cmr/m/n on input line 11.
LaTeX Font Info:    ... okay on input line 11.
LaTeX Font Info:    Checking defaults for OMX/cmex/m/n on input line 11.
LaTeX Font Info:    ... okay on input line 11.
LaTeX Font Info:    Checking defaults for U/cmr/m/n on input line 11.
LaTeX Font Info:    ... okay on input line 11.
 ("C:\Users\BACHI\AppData\Local\Programs\MiKTeX 2.9\tex/context/base/mkii\supp-pdf.mkii"
[Loading MPS to PDF converter (version 2006.09.02).]
\scratchcounter=\count278
\scratchdimen=\dimen146
\scratchbox=\box50
\nofMPsegments=\count279
\nofMParguments=\count280
\everyMPshowfont=\toks26
\MPscratchCnt=\count281
\MPscratchDim=\dimen147
\MPnumerator=\count282
\makeMPintoPDFobject=\count283
\everyMPtoPDFconversion=\toks27
) ("C:\Users\BACHI\AppData\Local\Programs\MiKTeX 2.9\tex/latex/epstopdf-pkg\epstopdf-base.sty"
Package: epstopdf-base 2020-01-24 v2.11 Base part for package epstopdf
Package epstopdf-base Info: Redefining graphics rule for `.eps' on input line 485.
)

LaTeX Warning: Citation `holland1975adaptation' on page 1 undefined on input line 12.


LaTeX Warning: Citation `cheng2000genetic' on page 1 undefined on input line 12.


Underfull \hbox (badness 10000) in paragraph at lines 12--14

 []


LaTeX Warning: Citation `mohamadi2010application' on page 1 undefined on input line 32.

<../figures/pic01.PNG, id=1, 447.92343pt x 231.86626pt>
File: ../figures/pic01.PNG Graphic file (type png)
<use ../figures/pic01.PNG>
Package pdftex.def Info: ../figures/pic01.PNG  used on input line 42.
(pdftex.def)             Requested size: 345.0pt x 178.59416pt.
[1

{C:/Users/BACHI/AppData/Local/MiKTeX/2.9/pdftex/config/pdftex.map}]
<../figures/pic02.PNG, id=12, 449.42906pt x 24.09pt>
File: ../figures/pic02.PNG Graphic file (type png)
<use ../figures/pic02.PNG>
Package pdftex.def Info: ../figures/pic02.PNG  used on input line 48.
(pdftex.def)             Requested size: 345.0pt x 18.49309pt.
<../figures/pic03.PNG, id=13, 410.2828pt x 27.10126pt>
File: ../figures/pic03.PNG Graphic file (type png)
<use ../figures/pic03.PNG>
Package pdftex.def Info: ../figures/pic03.PNG  used on input line 55.
(pdftex.def)             Requested size: 345.0pt x 22.78886pt.

Overfull \hbox (0.47485pt too wide) in paragraph at lines 50--56
[]\T1/cmr/m/n/10 Cependant, avec cette représen-ta-tion,les chro-mo-somes ont une longueur égale
 []


Underfull \hbox (badness 10000) in paragraph at lines 57--64

 []


Underfull \hbox (badness 10000) in paragraph at lines 57--64

 []

[2 <../figures/pic01.PNG> <../figures/pic02.PNG> <../figures/pic03.PNG>]
<../figures/pic04.PNG, id=20, 587.94656pt x 275.52937pt>
File: ../figures/pic04.PNG Graphic file (type png)
<use ../figures/pic04.PNG>
Package pdftex.def Info: ../figures/pic04.PNG  used on input line 96.
(pdftex.def)             Requested size: 345.0pt x 161.67802pt.
 [3]
<../figures/pic05.PNG, id=24, 465.23813pt x 106.14656pt>
File: ../figures/pic05.PNG Graphic file (type png)
<use ../figures/pic05.PNG>
Package pdftex.def Info: ../figures/pic05.PNG  used on input line 107.
(pdftex.def)             Requested size: 345.0pt x 78.71567pt.
<../figures/pic06.PNG, id=25, 465.23813pt x 59.47218pt>
File: ../figures/pic06.PNG Graphic file (type png)
<use ../figures/pic06.PNG>
Package pdftex.def Info: ../figures/pic06.PNG  used on input line 116.
(pdftex.def)             Requested size: 345.0pt x 44.10309pt.
 [4 <../figures/pic04.PNG> <../figures/pic05.PNG>]
Overfull \hbox (3.19275pt too wide) in paragraph at lines 127--131
\T1/cmr/m/n/10 L'algorithme s'arrête après un nom-bre d'itérations prédéfini, donné en paramètre. 
 []


Underfull \hbox (badness 10000) in paragraph at lines 127--131

 []

[5 <../figures/pic06.PNG>]
Overfull \hbox (5.44775pt too wide) in paragraph at lines 152--153
\T1/cmr/m/n/10 Au fi-nal, notre choix s'est porté sur le triplet :(\T1/cmr/bx/n/10 nbrGen\T1/cmr/m/n/10 =200, \T1/cmr/bx/n/10 k\T1/cmr/m/n/10 =25,\T1/cmr/bx/n/10 popSize\T1/cmr/m/n/10 =10)
 []

<../figures/pic07.PNG, id=35, 450.18187pt x 382.42876pt>
File: ../figures/pic07.PNG Graphic file (type png)
<use ../figures/pic07.PNG>
Package pdftex.def Info: ../figures/pic07.PNG  used on input line 165.
(pdftex.def)             Requested size: 345.0pt x 293.08806pt.

Overfull \hbox (18.50984pt too wide) in paragraph at lines 154--167
\T1/cmr/m/n/10 paramètres (\T1/cmr/bx/n/10 nbrGen\T1/cmr/m/n/10 =200,\T1/cmr/bx/n/10 k\T1/cmr/m/n/10 =20,\T1/cmr/bx/n/10 popSize\T1/cmr/m/n/10 =10) en fix-ant , \T1/cmr/bx/n/10 probaCroise-ment\T1/cmr/m/n/10 =0.85
 []


Overfull \hbox (7.19177pt too wide) in paragraph at lines 154--167
\T1/cmr/m/n/10 et \T1/cmr/bx/n/10 proba-Mu-ta-tion\T1/cmr/m/n/10 =0.1, et qui est,en ef-fet, la com-bi-nai-son qui donne les meilleurs
 []


Underfull \hbox (badness 10000) in paragraph at lines 154--167

 []


Overfull \hbox (9.24683pt too wide) in paragraph at lines 154--167
\T1/cmr/m/n/10 Le graphe suiv-ant représente le temps d'exécution moyen de chaque type d'instance
 []

[6]
<../figures/pic08.PNG, id=39, 496.85625pt x 349.305pt>
File: ../figures/pic08.PNG Graphic file (type png)
<use ../figures/pic08.PNG>
Package pdftex.def Info: ../figures/pic08.PNG  used on input line 170.
(pdftex.def)             Requested size: 345.0pt x 242.5504pt.
<../figures/pic09.PNG, id=40, 482.55281pt x 221.32687pt>
File: ../figures/pic09.PNG Graphic file (type png)
<use ../figures/pic09.PNG>
Package pdftex.def Info: ../figures/pic09.PNG  used on input line 173.
(pdftex.def)             Requested size: 345.0pt x 158.24074pt.
 [7 <../figures/pic07.PNG>]
<../figures/pic10.PNG, id=46, 316.93407pt x 207.77625pt>
File: ../figures/pic10.PNG Graphic file (type png)
<use ../figures/pic10.PNG>
Package pdftex.def Info: ../figures/pic10.PNG  used on input line 177.
(pdftex.def)             Requested size: 345.0pt x 226.19261pt.

Overfull \hbox (1.53015pt too wide) in paragraph at lines 175--178
[]\T1/cmr/m/n/10 Le tableau et l'histogramme suiv-ants représen-tent le ra-tio obtenu pour chaque
 []

<../figures/pic11.PNG, id=47, 395.97937pt x 313.17pt>
File: ../figures/pic11.PNG Graphic file (type png)
<use ../figures/pic11.PNG>
Package pdftex.def Info: ../figures/pic11.PNG  used on input line 180.
(pdftex.def)             Requested size: 345.0pt x 272.85709pt.
[8 <../figures/pic08.PNG> <../figures/pic09.PNG>]
Underfull \hbox (badness 10000) in paragraph at lines 182--184

 []

[9 <../figures/pic10.PNG> <../figures/pic11.PNG>] [10] (c:/Users\BACHI\PycharmProjects\OPT_PROJET\BPP_Solver\Rapport\chapters\ag.aux)

LaTeX Warning: There were undefined references.

 ) 
Here is how much of TeX's memory you used:
 2518 strings out of 480930
 35069 string characters out of 2899761
 274645 words of memory out of 3000000
 18376 multiletter control sequences out of 15000+200000
 536438 words of font info for 30 fonts, out of 3000000 for 9000
 1141 hyphenation exceptions out of 8191
 30i,6n,25p,547b,405s stack positions out of 5000i,500n,10000p,200000b,50000s
 <C:\Users\BACHI\AppData\Local\MiKTeX\2.9\fonts/pk/ljfour/jknappen/ec/dpi600\tcrm1000.pk> <C:\Users\BACHI\AppData\Local\MiKTeX\2.9\fonts/pk/ljfour/jknappen/ec/dpi600\ecti1000.pk> <C:\Users\BACHI\AppData\Local\MiKTeX\2.9\fonts/pk/ljfour/jknappen/ec/dpi600\ecbx1200.pk> <C:\Users\BACHI\AppData\Local\MiKTeX\2.9\fonts/pk/ljfour/jknappen/ec/dpi600\ecbx1000.pk> <C:\Users\BACHI\AppData\Local\MiKTeX\2.9\fonts/pk/ljfour/jknappen/ec/dpi600\ecrm1000.pk>
Output written on c:/Users\BACHI\PycharmProjects\OPT_PROJET\BPP_Solver\Rapport\chapters\ag.pdf (10 pages, 293648 bytes).
PDF statistics:
 275 PDF objects out of 1000 (max. 8388607)
 0 named destinations out of 1000 (max. 500000)
 56 words of extra memory for PDF output out of 10000 (max. 10000000)

