This is pdfTeX, Version 3.14159265-2.6-1.40.21 (MiKTeX 2.9.7350 64-bit) (preloaded format=pdflatex 2020.4.28)  22 JUN 2020 17:46
entering extended mode
**c:/Users/TRETEC/Workspace/S2/OPTM/BPP_Solver/Rapport/chapters/Conception_heur.tex
(c:/Users/TRETEC/Workspace/S2/OPTM/BPP_Solver/Rapport/chapters/Conception_heur.tex
LaTeX2e <2020-02-02> patch level 5
L3 programming layer <2020-03-06> ("C:\Program Files\MiKTeX 2.9\tex/latex/standalone\standalone.cls"
Document Class: standalone 2018/03/26 v1.3a Class to compile TeX sub-files standalone
("C:\Program Files\MiKTeX 2.9\tex/latex/tools\shellesc.sty"
Package: shellesc 2019/11/08 v1.0c unified shell escape interface for LaTeX
Package shellesc Info: Restricted shell escape enabled on input line 77.
) ("C:\Program Files\MiKTeX 2.9\tex/generic/iftex\ifluatex.sty"
Package: ifluatex 2019/10/25 v1.5 ifluatex legacy package. Use iftex instead.
 ("C:\Program Files\MiKTeX 2.9\tex/generic/iftex\iftex.sty"
Package: iftex 2020/03/06 v1.0d TeX engine tests
)) ("C:\Program Files\MiKTeX 2.9\tex/latex/xkeyval\xkeyval.sty"
Package: xkeyval 2014/12/03 v2.7a package option processing (HA)
 ("C:\Program Files\MiKTeX 2.9\tex/generic/xkeyval\xkeyval.tex" ("C:\Program Files\MiKTeX 2.9\tex/generic/xkeyval\xkvutils.tex"
\XKV@toks=\toks15
\XKV@tempa@toks=\toks16
 ("C:\Program Files\MiKTeX 2.9\tex/generic/xkeyval\keyval.tex"))
\XKV@depth=\count167
File: xkeyval.tex 2014/12/03 v2.7a key=value parser (HA)
))
\sa@internal=\count168
\c@sapage=\count169
 ("C:\Program Files\MiKTeX 2.9\tex/latex/standalone\standalone.cfg"
File: standalone.cfg 2018/03/26 v1.3a Default configuration file for 'standalone' class
) ("C:\Program Files\MiKTeX 2.9\tex/latex/base\article.cls"
Document Class: article 2019/12/20 v1.4l Standard LaTeX document class
("C:\Program Files\MiKTeX 2.9\tex/latex/base\size10.clo"
File: size10.clo 2019/12/20 v1.4l Standard LaTeX file (size option)
)
\c@part=\count170
\c@section=\count171
\c@subsection=\count172
\c@subsubsection=\count173
\c@paragraph=\count174
\c@subparagraph=\count175
\c@figure=\count176
\c@table=\count177
\abovecaptionskip=\skip47
\belowcaptionskip=\skip48
\bibindent=\dimen134
)) (C:\Users\TRETEC\AppData\Roaming\MiKTeX\2.9\tex/latex/mathtools\mathtools.sty
Package: mathtools 2020/03/24 v1.24 mathematical typesetting tools
 ("C:\Program Files\MiKTeX 2.9\tex/latex/tools\calc.sty"
Package: calc 2017/05/25 v4.3 Infix arithmetic (KKT,FJ)
\calc@Acount=\count178
\calc@Bcount=\count179
\calc@Adimen=\dimen135
\calc@Bdimen=\dimen136
\calc@Askip=\skip49
\calc@Bskip=\skip50
LaTeX Info: Redefining \setlength on input line 80.
LaTeX Info: Redefining \addtolength on input line 81.
\calc@Ccount=\count180
\calc@Cskip=\skip51
) (C:\Users\TRETEC\AppData\Roaming\MiKTeX\2.9\tex/latex/mathtools\mhsetup.sty
Package: mhsetup 2017/03/31 v1.3 programming setup (MH)
) ("C:\Program Files\MiKTeX 2.9\tex/latex/amsmath\amsmath.sty"
Package: amsmath 2020/01/20 v2.17e AMS math features
\@mathmargin=\skip52

For additional information on amsmath, use the `?' option.
("C:\Program Files\MiKTeX 2.9\tex/latex/amsmath\amstext.sty"
Package: amstext 2000/06/29 v2.01 AMS text
 ("C:\Program Files\MiKTeX 2.9\tex/latex/amsmath\amsgen.sty"
File: amsgen.sty 1999/11/30 v2.0 generic functions
\@emptytoks=\toks17
\ex@=\dimen137
)) ("C:\Program Files\MiKTeX 2.9\tex/latex/amsmath\amsbsy.sty"
Package: amsbsy 1999/11/29 v1.2d Bold Symbols
\pmbraise@=\dimen138
) ("C:\Program Files\MiKTeX 2.9\tex/latex/amsmath\amsopn.sty"
Package: amsopn 2016/03/08 v2.02 operator names
)
\inf@bad=\count181
LaTeX Info: Redefining \frac on input line 227.
\uproot@=\count182
\leftroot@=\count183
LaTeX Info: Redefining \overline on input line 389.
\classnum@=\count184
\DOTSCASE@=\count185
LaTeX Info: Redefining \ldots on input line 486.
LaTeX Info: Redefining \dots on input line 489.
LaTeX Info: Redefining \cdots on input line 610.
\Mathstrutbox@=\box45
\strutbox@=\box46
\big@size=\dimen139
LaTeX Font Info:    Redeclaring font encoding OML on input line 733.
LaTeX Font Info:    Redeclaring font encoding OMS on input line 734.
\macc@depth=\count186
\c@MaxMatrixCols=\count187
\dotsspace@=\muskip16
\c@parentequation=\count188
\dspbrk@lvl=\count189
\tag@help=\toks18
\row@=\count190
\column@=\count191
\maxfields@=\count192
\andhelp@=\toks19
\eqnshift@=\dimen140
\alignsep@=\dimen141
\tagshift@=\dimen142
\tagwidth@=\dimen143
\totwidth@=\dimen144
\lineht@=\dimen145
\@envbody=\toks20
\multlinegap=\skip53
\multlinetaggap=\skip54
\mathdisplay@stack=\toks21
LaTeX Info: Redefining \[ on input line 2859.
LaTeX Info: Redefining \] on input line 2860.
)
LaTeX Info: Thecontrolsequence`\('isalreadyrobust on input line 130.
LaTeX Info: Thecontrolsequence`\)'isalreadyrobust on input line 130.
LaTeX Info: Thecontrolsequence`\['isalreadyrobust on input line 130.
LaTeX Info: Thecontrolsequence`\]'isalreadyrobust on input line 130.
\g_MT_multlinerow_int=\count193
\l_MT_multwidth_dim=\dimen146
\origjot=\skip55
\l_MT_shortvdotswithinadjustabove_dim=\dimen147
\l_MT_shortvdotswithinadjustbelow_dim=\dimen148
\l_MT_above_intertext_sep=\dimen149
\l_MT_below_intertext_sep=\dimen150
\l_MT_above_shortintertext_sep=\dimen151
\l_MT_below_shortintertext_sep=\dimen152
\xmathstrut@box=\box47
\xmathstrut@dim=\dimen153
) (C:\Users\TRETEC\AppData\Roaming\MiKTeX\2.9\tex/latex/algorithms\algorithmic.sty
Package: algorithmic 2009/08/24 v0.1 Document Style `algorithmic'
 ("C:\Program Files\MiKTeX 2.9\tex/latex/base\ifthen.sty"
Package: ifthen 2014/09/29 v1.1c Standard LaTeX ifthen package (DPC)
)
\c@ALC@unique=\count194
\c@ALC@line=\count195
\c@ALC@rem=\count196
\c@ALC@depth=\count197
\ALC@tlm=\skip56
\algorithmicindent=\skip57
) (C:\Users\TRETEC\AppData\Roaming\MiKTeX\2.9\tex/latex/algorithms\algorithm.sty
Package: algorithm 2009/08/24 v0.1 Document Style `algorithm' - floating environment
 (C:\Users\TRETEC\AppData\Roaming\MiKTeX\2.9\tex/latex/float\float.sty
Package: float 2001/11/08 v1.3d Float enhancements (AL)
\c@float@type=\count198
\float@exts=\toks22
\float@box=\box48
\@float@everytoks=\toks23
\@floatcapt=\box49
)
\@float@every@algorithm=\toks24
\c@algorithm=\count199
) ("C:\Program Files\MiKTeX 2.9\tex/latex/standalone\standalone.sty"
Package: standalone 2018/03/26 v1.3a Package to include TeX sub-files with preambles
 (C:\Users\TRETEC\AppData\Roaming\MiKTeX\2.9\tex/latex/currfile\currfile.sty
Package: currfile 2015/04/23 v0.7c Provides the file path elements of the current input file
 (C:\Users\TRETEC\AppData\Roaming\MiKTeX\2.9\tex/latex/kvoptions\kvoptions.sty
Package: kvoptions 2019/11/29 v3.13 Key value format for package options (HO)
 (C:\Users\TRETEC\AppData\Roaming\MiKTeX\2.9\tex/generic/ltxcmds\ltxcmds.sty
Package: ltxcmds 2019/12/15 v1.24 LaTeX kernel commands for general use (HO)
) (C:\Users\TRETEC\AppData\Roaming\MiKTeX\2.9\tex/generic/kvsetkeys\kvsetkeys.sty
Package: kvsetkeys 2019/12/15 v1.18 Key value parser (HO)
)) (C:\Users\TRETEC\AppData\Roaming\MiKTeX\2.9\tex/latex/filehook\filehook.sty
Package: filehook 2020/02/03 v0.7 Hooks for input files
)
\c@currfiledepth=\count266
)
\sa@out=\write3
 (c:/Users\TRETEC\Workspace\S2\OPTM\BPP_Solver\Rapport\chapters\Conception_heur.sta) (C:\Users\TRETEC\AppData\Roaming\MiKTeX\2.9\tex/latex/gincltex\gincltex.sty (C:\Users\TRETEC\AppData\Roaming\MiKTeX\2.9\tex/latex/svn-prov\svn-prov.sty
Package: svn-prov 2010/04/24 v3.1862 Package Date/Version from SVN Keywords
)
Package: gincltex 2011/09/04 v0.3 Include external LaTeX files like graphics
 (C:\Users\TRETEC\AppData\Roaming\MiKTeX\2.9\tex/latex/adjustbox\adjustbox.sty
Package: adjustbox 2019/01/04 v1.2 Adjusting TeX boxes (trim, clip, ...)
 (C:\Users\TRETEC\AppData\Roaming\MiKTeX\2.9\tex/latex/adjustbox\adjcalc.sty
Package: adjcalc 2012/05/16 v1.1 Provides advanced setlength with multiple back-ends (calc, etex, pgfmath)
) (C:\Users\TRETEC\AppData\Roaming\MiKTeX\2.9\tex/latex/adjustbox\trimclip.sty
Package: trimclip 2018/04/08 v1.1 Trim and clip general TeX material
 ("C:\Program Files\MiKTeX 2.9\tex/latex/graphics\graphicx.sty"
Package: graphicx 2019/11/30 v1.2a Enhanced LaTeX Graphics (DPC,SPQR)
 ("C:\Program Files\MiKTeX 2.9\tex/latex/graphics\graphics.sty"
Package: graphics 2019/11/30 v1.4a Standard LaTeX Graphics (DPC,SPQR)
 ("C:\Program Files\MiKTeX 2.9\tex/latex/graphics\trig.sty"
Package: trig 2016/01/03 v1.10 sin cos tan (DPC)
) ("C:\Program Files\MiKTeX 2.9\tex/latex/graphics-cfg\graphics.cfg"
File: graphics.cfg 2016/06/04 v1.11 sample graphics configuration
)
Package graphics Info: Driver file: pdftex.def on input line 105.
 ("C:\Program Files\MiKTeX 2.9\tex/latex/graphics-def\pdftex.def"
File: pdftex.def 2018/01/08 v1.0l Graphics/color driver for pdftex
))
\Gin@req@height=\dimen154
\Gin@req@width=\dimen155
) (C:\Users\TRETEC\AppData\Roaming\MiKTeX\2.9\tex/latex/collectbox\collectbox.sty
Package: collectbox 2012/05/17 v0.4b Collect macro arguments as boxes
\collectedbox=\box50
)
\tc@llx=\dimen156
\tc@lly=\dimen157
\tc@urx=\dimen158
\tc@ury=\dimen159
Package trimclip Info: Using driver 'tc-pdftex.def'.
 (C:\Users\TRETEC\AppData\Roaming\MiKTeX\2.9\tex/latex/adjustbox\tc-pdftex.def
File: tc-pdftex.def 2019/01/04 v2.2 Clipping driver for pdftex
))
\adjbox@Width=\dimen160
\adjbox@Height=\dimen161
\adjbox@Depth=\dimen162
\adjbox@Totalheight=\dimen163
\adjbox@pwidth=\dimen164
\adjbox@pheight=\dimen165
\adjbox@pdepth=\dimen166
\adjbox@ptotalheight=\dimen167
 (C:\Users\TRETEC\AppData\Roaming\MiKTeX\2.9\tex/latex/ifoddpage\ifoddpage.sty
Package: ifoddpage 2016/04/23 v1.1 Conditionals for odd/even page detection
\c@checkoddpage=\count267
) (C:\Users\TRETEC\AppData\Roaming\MiKTeX\2.9\tex/latex/varwidth\varwidth.sty
Package: varwidth 2009/03/30 ver 0.92;  Variable-width minipages
\@vwid@box=\box51
\sift@deathcycles=\count268
\@vwid@loff=\dimen168
\@vwid@roff=\dimen169
))
\gincltex@box=\box52
) (C:\Users\TRETEC\AppData\Roaming\MiKTeX\2.9\tex/latex/filemod\filemod-expmin.sty
Package: filemod-expmin 2011/09/19 v1.2 Get and compare file modification times (expandable; minimal)
)) (C:\Users\TRETEC\AppData\Roaming\MiKTeX\2.9\tex/latex/import\import.sty
Package: import 2020/04/01  v 6.2
) ("C:\Program Files\MiKTeX 2.9\tex/latex/l3backend\l3backend-pdfmode.def"
File: l3backend-pdfmode.def 2020-03-12 L3 backend support: PDF mode
\l__kernel_color_stack_int=\count269
\l__pdf_internal_box=\box53
) (c:/Users\TRETEC\Workspace\S2\OPTM\BPP_Solver\Rapport\chapters\Conception_heur.aux)
\openout1 = `Conception_heur.aux'.

LaTeX Font Info:    Checking defaults for OML/cmm/m/it on input line 10.
LaTeX Font Info:    ... okay on input line 10.
LaTeX Font Info:    Checking defaults for OMS/cmsy/m/n on input line 10.
LaTeX Font Info:    ... okay on input line 10.
LaTeX Font Info:    Checking defaults for OT1/cmr/m/n on input line 10.
LaTeX Font Info:    ... okay on input line 10.
LaTeX Font Info:    Checking defaults for T1/cmr/m/n on input line 10.
LaTeX Font Info:    ... okay on input line 10.
LaTeX Font Info:    Checking defaults for TS1/cmr/m/n on input line 10.
LaTeX Font Info:    ... okay on input line 10.
LaTeX Font Info:    Checking defaults for OMX/cmex/m/n on input line 10.
LaTeX Font Info:    ... okay on input line 10.
LaTeX Font Info:    Checking defaults for U/cmr/m/n on input line 10.
LaTeX Font Info:    ... okay on input line 10.
 (c:/Users\TRETEC\Workspace\S2\OPTM\BPP_Solver\Rapport\chapters\Conception_heur.sta)
\openout3 = `Conception_heur.sta'.

 ("C:\Program Files\MiKTeX 2.9\tex/context/base/mkii\supp-pdf.mkii"
[Loading MPS to PDF converter (version 2006.09.02).]
\scratchcounter=\count270
\scratchdimen=\dimen170
\scratchbox=\box54
\nofMPsegments=\count271
\nofMParguments=\count272
\everyMPshowfont=\toks25
\MPscratchCnt=\count273
\MPscratchDim=\dimen171
\MPnumerator=\count274
\makeMPintoPDFobject=\count275
\everyMPtoPDFconversion=\toks26
) ("C:\Program Files\MiKTeX 2.9\tex/latex/epstopdf-pkg\epstopdf-base.sty"
Package: epstopdf-base 2020-01-24 v2.11 Base part for package epstopdf
Package epstopdf-base Info: Redefining graphics rule for `.eps' on input line 485.
)
Overfull \hbox (11.79694pt too wide) in paragraph at lines 12--18
\OT1/cmr/m/n/10 necessairement op-ti-male) en un temps reduit. L'utilisation de ce type d'algorithmes
 []


Underfull \hbox (badness 10000) in paragraph at lines 12--18

 []


Underfull \hbox (badness 10000) in paragraph at lines 26--27

 []

[1

{C:/Users/TRETEC/AppData/Local/MiKTeX/2.9/pdftex/config/pdftex.map}]
c:/Users/TRETEC/Workspace/S2/OPTM/BPP_Solver/Rapport/chapters/Conception_heur.tex:50: Extra }, or forgotten \endgroup.
\@endfloatbox ...pagefalse \outer@nobreak \egroup 
                                                  \color@endbox 
l.50 \end{algorithm}
                    
I've deleted a group-closing symbol because it seems to be
spurious, as in `$x}$'. But perhaps the } is legitimate and
you forgot something else, as in `\hbox{$x}'. In such cases
the way to recover is to insert both the forgotten and the
deleted material, e.g., by typing `I$}'.

c:/Users/TRETEC/Workspace/S2/OPTM/BPP_Solver/Rapport/chapters/Conception_heur.tex:50: Undefined control sequence.
\endalgorithm ...oatbox \global \setbox \@currbox 
                                                  \float@makebox \columnwidt...
l.50 \end{algorithm}
                    
The control sequence at the end of the top line
of your error message was never \def'ed. If you have
misspelled it (e.g., `\hobx'), type `I' and the correct
spelling (e.g., `I\hbox'). Otherwise just continue,
and I'll forget about whatever was undefined.

c:/Users/TRETEC/Workspace/S2/OPTM/BPP_Solver/Rapport/chapters/Conception_heur.tex:50: Missing number, treated as zero.
<to be read again> 
                   \vbox 
l.50 \end{algorithm}
                    
A number should have been here; I inserted `0'.
(If you can't figure out why I needed to see a number,
look up `weird error' in the index to The TeXbook.)

c:/Users/TRETEC/Workspace/S2/OPTM/BPP_Solver/Rapport/chapters/Conception_heur.tex:50: Undefined control sequence.
\float@makebox ... \@fs@mid \fi \unvbox \@currbox 
                                                  \else \unvbox \@currbox \i...
l.50 \end{algorithm}
                    
The control sequence at the end of the top line
of your error message was never \def'ed. If you have
misspelled it (e.g., `\hobx'), type `I' and the correct
spelling (e.g., `I\hbox'). Otherwise just continue,
and I'll forget about whatever was undefined.

c:/Users/TRETEC/Workspace/S2/OPTM/BPP_Solver/Rapport/chapters/Conception_heur.tex:50: Missing number, treated as zero.
<to be read again> 
                   \par 
l.50 \end{algorithm}
                    
A number should have been here; I inserted `0'.
(If you can't figure out why I needed to see a number,
look up `weird error' in the index to The TeXbook.)

c:/Users/TRETEC/Workspace/S2/OPTM/BPP_Solver/Rapport/chapters/Conception_heur.tex:63: Extra }, or forgotten \endgroup.
\@endfloatbox ...pagefalse \outer@nobreak \egroup 
                                                  \color@endbox 
l.63 \end{algorithm}
                    
I've deleted a group-closing symbol because it seems to be
spurious, as in `$x}$'. But perhaps the } is legitimate and
you forgot something else, as in `\hbox{$x}'. In such cases
the way to recover is to insert both the forgotten and the
deleted material, e.g., by typing `I$}'.

c:/Users/TRETEC/Workspace/S2/OPTM/BPP_Solver/Rapport/chapters/Conception_heur.tex:63: Undefined control sequence.
\endalgorithm ...oatbox \global \setbox \@currbox 
                                                  \float@makebox \columnwidt...
l.63 \end{algorithm}
                    
The control sequence at the end of the top line
of your error message was never \def'ed. If you have
misspelled it (e.g., `\hobx'), type `I' and the correct
spelling (e.g., `I\hbox'). Otherwise just continue,
and I'll forget about whatever was undefined.

c:/Users/TRETEC/Workspace/S2/OPTM/BPP_Solver/Rapport/chapters/Conception_heur.tex:63: Missing number, treated as zero.
<to be read again> 
                   \vbox 
l.63 \end{algorithm}
                    
A number should have been here; I inserted `0'.
(If you can't figure out why I needed to see a number,
look up `weird error' in the index to The TeXbook.)

c:/Users/TRETEC/Workspace/S2/OPTM/BPP_Solver/Rapport/chapters/Conception_heur.tex:63: Undefined control sequence.
\float@makebox ... \@fs@mid \fi \unvbox \@currbox 
                                                  \else \unvbox \@currbox \i...
l.63 \end{algorithm}
                    
The control sequence at the end of the top line
of your error message was never \def'ed. If you have
misspelled it (e.g., `\hobx'), type `I' and the correct
spelling (e.g., `I\hbox'). Otherwise just continue,
and I'll forget about whatever was undefined.

c:/Users/TRETEC/Workspace/S2/OPTM/BPP_Solver/Rapport/chapters/Conception_heur.tex:63: Missing number, treated as zero.
<to be read again> 
                   \par 
l.63 \end{algorithm}
                    
A number should have been here; I inserted `0'.
(If you can't figure out why I needed to see a number,
look up `weird error' in the index to The TeXbook.)

<../figures/NF NFD better(1).png, id=6, 626.34pt x 534.99875pt>
File: ../figures/NF NFD better(1).png Graphic file (type png)
<use ../figures/NF NFD better(1).png>
Package pdftex.def Info: ../figures/NF NFD better(1).png  used on input line 66.
(pdftex.def)             Requested size: 345.0pt x 294.6992pt.
[2] [3 <../figures/NF NFD better(1).png>]
c:/Users/TRETEC/Workspace/S2/OPTM/BPP_Solver/Rapport/chapters/Conception_heur.tex:92: Extra }, or forgotten \endgroup.
\@endfloatbox ...pagefalse \outer@nobreak \egroup 
                                                  \color@endbox 
l.92 \end{algorithm}
                    
I've deleted a group-closing symbol because it seems to be
spurious, as in `$x}$'. But perhaps the } is legitimate and
you forgot something else, as in `\hbox{$x}'. In such cases
the way to recover is to insert both the forgotten and the
deleted material, e.g., by typing `I$}'.

c:/Users/TRETEC/Workspace/S2/OPTM/BPP_Solver/Rapport/chapters/Conception_heur.tex:92: Undefined control sequence.
\endalgorithm ...oatbox \global \setbox \@currbox 
                                                  \float@makebox \columnwidt...
l.92 \end{algorithm}
                    
The control sequence at the end of the top line
of your error message was never \def'ed. If you have
misspelled it (e.g., `\hobx'), type `I' and the correct
spelling (e.g., `I\hbox'). Otherwise just continue,
and I'll forget about whatever was undefined.

c:/Users/TRETEC/Workspace/S2/OPTM/BPP_Solver/Rapport/chapters/Conception_heur.tex:92: Missing number, treated as zero.
<to be read again> 
                   \vbox 
l.92 \end{algorithm}
                    
A number should have been here; I inserted `0'.
(If you can't figure out why I needed to see a number,
look up `weird error' in the index to The TeXbook.)

c:/Users/TRETEC/Workspace/S2/OPTM/BPP_Solver/Rapport/chapters/Conception_heur.tex:92: Undefined control sequence.
\float@makebox ... \@fs@mid \fi \unvbox \@currbox 
                                                  \else \unvbox \@currbox \i...
l.92 \end{algorithm}
                    
The control sequence at the end of the top line
of your error message was never \def'ed. If you have
misspelled it (e.g., `\hobx'), type `I' and the correct
spelling (e.g., `I\hbox'). Otherwise just continue,
and I'll forget about whatever was undefined.

c:/Users/TRETEC/Workspace/S2/OPTM/BPP_Solver/Rapport/chapters/Conception_heur.tex:92: Missing number, treated as zero.
<to be read again> 
                   \par 
l.92 \end{algorithm}
                    
A number should have been here; I inserted `0'.
(If you can't figure out why I needed to see a number,
look up `weird error' in the index to The TeXbook.)

c:/Users/TRETEC/Workspace/S2/OPTM/BPP_Solver/Rapport/chapters/Conception_heur.tex:108: Extra }, or forgotten \endgroup.
\@endfloatbox ...pagefalse \outer@nobreak \egroup 
                                                  \color@endbox 
l.108 \end{algorithm}
                     
I've deleted a group-closing symbol because it seems to be
spurious, as in `$x}$'. But perhaps the } is legitimate and
you forgot something else, as in `\hbox{$x}'. In such cases
the way to recover is to insert both the forgotten and the
deleted material, e.g., by typing `I$}'.

c:/Users/TRETEC/Workspace/S2/OPTM/BPP_Solver/Rapport/chapters/Conception_heur.tex:108: Undefined control sequence.
\endalgorithm ...oatbox \global \setbox \@currbox 
                                                  \float@makebox \columnwidt...
l.108 \end{algorithm}
                     
The control sequence at the end of the top line
of your error message was never \def'ed. If you have
misspelled it (e.g., `\hobx'), type `I' and the correct
spelling (e.g., `I\hbox'). Otherwise just continue,
and I'll forget about whatever was undefined.

c:/Users/TRETEC/Workspace/S2/OPTM/BPP_Solver/Rapport/chapters/Conception_heur.tex:108: Missing number, treated as zero.
<to be read again> 
                   \vbox 
l.108 \end{algorithm}
                     
A number should have been here; I inserted `0'.
(If you can't figure out why I needed to see a number,
look up `weird error' in the index to The TeXbook.)

c:/Users/TRETEC/Workspace/S2/OPTM/BPP_Solver/Rapport/chapters/Conception_heur.tex:108: Undefined control sequence.
\float@makebox ... \@fs@mid \fi \unvbox \@currbox 
                                                  \else \unvbox \@currbox \i...
l.108 \end{algorithm}
                     
The control sequence at the end of the top line
of your error message was never \def'ed. If you have
misspelled it (e.g., `\hobx'), type `I' and the correct
spelling (e.g., `I\hbox'). Otherwise just continue,
and I'll forget about whatever was undefined.

c:/Users/TRETEC/Workspace/S2/OPTM/BPP_Solver/Rapport/chapters/Conception_heur.tex:108: Missing number, treated as zero.
<to be read again> 
                   \par 
l.108 \end{algorithm}
                     
A number should have been here; I inserted `0'.
(If you can't figure out why I needed to see a number,
look up `weird error' in the index to The TeXbook.)

<../figures/FF FFD.png, id=18, 529.98pt x 524.96124pt>
File: ../figures/FF FFD.png Graphic file (type png)
<use ../figures/FF FFD.png>
Package pdftex.def Info: ../figures/FF FFD.png  used on input line 111.
(pdftex.def)             Requested size: 345.0pt x 341.73341pt.
[4] [5 <../figures/FF FFD.png>]
c:/Users/TRETEC/Workspace/S2/OPTM/BPP_Solver/Rapport/chapters/Conception_heur.tex:138: Extra }, or forgotten \endgroup.
\@endfloatbox ...pagefalse \outer@nobreak \egroup 
                                                  \color@endbox 
l.138 \end{algorithm}
                     
I've deleted a group-closing symbol because it seems to be
spurious, as in `$x}$'. But perhaps the } is legitimate and
you forgot something else, as in `\hbox{$x}'. In such cases
the way to recover is to insert both the forgotten and the
deleted material, e.g., by typing `I$}'.

c:/Users/TRETEC/Workspace/S2/OPTM/BPP_Solver/Rapport/chapters/Conception_heur.tex:138: Undefined control sequence.
\endalgorithm ...oatbox \global \setbox \@currbox 
                                                  \float@makebox \columnwidt...
l.138 \end{algorithm}
                     
The control sequence at the end of the top line
of your error message was never \def'ed. If you have
misspelled it (e.g., `\hobx'), type `I' and the correct
spelling (e.g., `I\hbox'). Otherwise just continue,
and I'll forget about whatever was undefined.

c:/Users/TRETEC/Workspace/S2/OPTM/BPP_Solver/Rapport/chapters/Conception_heur.tex:138: Missing number, treated as zero.
<to be read again> 
                   \vbox 
l.138 \end{algorithm}
                     
A number should have been here; I inserted `0'.
(If you can't figure out why I needed to see a number,
look up `weird error' in the index to The TeXbook.)

c:/Users/TRETEC/Workspace/S2/OPTM/BPP_Solver/Rapport/chapters/Conception_heur.tex:138: Undefined control sequence.
\float@makebox ... \@fs@mid \fi \unvbox \@currbox 
                                                  \else \unvbox \@currbox \i...
l.138 \end{algorithm}
                     
The control sequence at the end of the top line
of your error message was never \def'ed. If you have
misspelled it (e.g., `\hobx'), type `I' and the correct
spelling (e.g., `I\hbox'). Otherwise just continue,
and I'll forget about whatever was undefined.

c:/Users/TRETEC/Workspace/S2/OPTM/BPP_Solver/Rapport/chapters/Conception_heur.tex:138: Missing number, treated as zero.
<to be read again> 
                   \par 
l.138 \end{algorithm}
                     
A number should have been here; I inserted `0'.
(If you can't figure out why I needed to see a number,
look up `weird error' in the index to The TeXbook.)

c:/Users/TRETEC/Workspace/S2/OPTM/BPP_Solver/Rapport/chapters/Conception_heur.tex:152: Extra }, or forgotten \endgroup.
\@endfloatbox ...pagefalse \outer@nobreak \egroup 
                                                  \color@endbox 
l.152 \end{algorithm}
                     
I've deleted a group-closing symbol because it seems to be
spurious, as in `$x}$'. But perhaps the } is legitimate and
you forgot something else, as in `\hbox{$x}'. In such cases
the way to recover is to insert both the forgotten and the
deleted material, e.g., by typing `I$}'.

c:/Users/TRETEC/Workspace/S2/OPTM/BPP_Solver/Rapport/chapters/Conception_heur.tex:152: Undefined control sequence.
\endalgorithm ...oatbox \global \setbox \@currbox 
                                                  \float@makebox \columnwidt...
l.152 \end{algorithm}
                     
The control sequence at the end of the top line
of your error message was never \def'ed. If you have
misspelled it (e.g., `\hobx'), type `I' and the correct
spelling (e.g., `I\hbox'). Otherwise just continue,
and I'll forget about whatever was undefined.

c:/Users/TRETEC/Workspace/S2/OPTM/BPP_Solver/Rapport/chapters/Conception_heur.tex:152: Missing number, treated as zero.
<to be read again> 
                   \vbox 
l.152 \end{algorithm}
                     
A number should have been here; I inserted `0'.
(If you can't figure out why I needed to see a number,
look up `weird error' in the index to The TeXbook.)

c:/Users/TRETEC/Workspace/S2/OPTM/BPP_Solver/Rapport/chapters/Conception_heur.tex:152: Undefined control sequence.
\float@makebox ... \@fs@mid \fi \unvbox \@currbox 
                                                  \else \unvbox \@currbox \i...
l.152 \end{algorithm}
                     
The control sequence at the end of the top line
of your error message was never \def'ed. If you have
misspelled it (e.g., `\hobx'), type `I' and the correct
spelling (e.g., `I\hbox'). Otherwise just continue,
and I'll forget about whatever was undefined.

c:/Users/TRETEC/Workspace/S2/OPTM/BPP_Solver/Rapport/chapters/Conception_heur.tex:152: Missing number, treated as zero.
<to be read again> 
                   \par 
l.152 \end{algorithm}
                     
A number should have been here; I inserted `0'.
(If you can't figure out why I needed to see a number,
look up `weird error' in the index to The TeXbook.)

<../figures/BF BFD.png, id=26, 427.5975pt x 524.96124pt>
File: ../figures/BF BFD.png Graphic file (type png)
<use ../figures/BF BFD.png>
Package pdftex.def Info: ../figures/BF BFD.png  used on input line 156.
(pdftex.def)             Requested size: 345.0pt x 423.55815pt.
[6] [7 <../figures/BF BFD.png>] (c:/Users\TRETEC\Workspace\S2\OPTM\BPP_Solver\Rapport\chapters\Conception_heur.aux) ) 
Here is how much of TeX's memory you used:
 4701 strings out of 480934
 75324 string characters out of 2909679
 320311 words of memory out of 3000000
 20477 multiletter control sequences out of 15000+200000
 534191 words of font info for 30 fonts, out of 3000000 for 9000
 1141 hyphenation exceptions out of 8191
 67i,4n,60p,391b,585s stack positions out of 5000i,500n,10000p,200000b,50000s
 <C:\Users\TRETEC\AppData\Local\MiKTeX\2.9\fonts/pk/ljfour/jknappen/ec/dpi600\tcrm1000.pk><C:/Program Files/MiKTeX 2.9/fonts/type1/public/amsfonts/cm/cmbx10.pfb><C:/Program Files/MiKTeX 2.9/fonts/type1/public/amsfonts/cm/cmbx12.pfb><C:/Program Files/MiKTeX 2.9/fonts/type1/public/amsfonts/cm/cmr10.pfb>
Output written on c:/Users\TRETEC\Workspace\S2\OPTM\BPP_Solver\Rapport\chapters\Conception_heur.pdf (7 pages, 78367 bytes).
PDF statistics:
 51 PDF objects out of 1000 (max. 8388607)
 0 named destinations out of 1000 (max. 500000)
 16 words of extra memory for PDF output out of 10000 (max. 10000000)

